*******************************************************************************
   VSM

   Volcanic and Seismic source Modelling

   Author: Elisa Trasatti, elisa.trasatti@ingv.it
   Istituto Nazionale di Geofisica e Vulcanologia - Rome (Italy)

   License: E. Trasatti, covered by GNU-GPL License

   Redistribution and use in source and binary forms, with or without
   modification, are permitted provided that the following conditions are met:
      * Redistributions of source code must retain the above copyright 
        notice, this list of conditions and the following disclaimer.
      * Redistributions in binary form must reproduce the above copyright
        notice, this list of conditions and the following disclaimer in
        the documentation and/or other materials provided with the distribution.

   THIS SOFTWARE IS PROVIDED BY THE COPYRIGHT HOLDERS AND CONTRIBUTORS "AS IS" 
   AND ANY EXPRESS OR IMPLIED WARRANTIES, INCLUDING, BUT NOT LIMITED TO, THE
   IMPLIED WARRANTIES OF MERCHANTABILITY AND FITNESS FOR A PARTICULAR PURPOSE 
   ARE DISCLAIMED. IN NO EVENT SHALL THE COPY RIGHT OWNER OR CONTRIBUTORS BE
   LIABLE FOR ANY DIRECT, INDIRECT, INCIDENTAL, SPECIAL, EXEMPLARY, OR 
   CONSEQUENTIAL DAMAGES (INCLUDING, BUT NOT LIMITED TO, PROCUREMENT OF 
   SUBSTITUTE GOODS OR SERVICES; LOSS OF USE, DATA, OR PROFITS; OR BUSINESS
   INTERRUPTION) HOWEVER CAUSED AND ON ANY THEORY OF LIABILITY, WHETHER IN 
   CONTRACT, STRICT LIABILITY, OR TORT (INCLUDING NEGLIGENCE OR OTHERWISE) 
   ARISING IN ANY WAY OUT OF THE USE OF THIS SOFTWARE, EVEN IF ADVISED OF THE
   POSSIBILITY OF SUCH DAMAGE.
*******************************************************************************


*******************************************************************************
VSM launched on 2021-09-15 12:41:14.806955
VSM ended on    2021-09-15 12:42:27.006262
*******************************************************************************


*******************************************************************************
  Misfits 
*******************************************************************************
Dataset	n.Data	Weight	Misfit_null	Misfit
SAR	5530	  0.1667	  30.183	   5.003 
GPS	14	  0.8333	 933.810	  14.954 
LEV	 - 	 -	    -		  -
EDM	 - 	 -	    -		  -
TLT	 - 	 -	    -		  -
SRN	 - 	 -	    -		  -

Total misfit of the preferred model   13.296

*******************************************************************************
  Forward Models 
*******************************************************************************
Mogi Point Source (Mogi, 1958)

*******************************************************************************
  Unknowns 
*******************************************************************************
Parameter	Mean		Sigma		Range			Status
xcen		4.26323e+05	1.00301e+01	(422000.0, 432000.0)	 true
ycen		4.51883e+06	9.93684e+00	(4515000.0, 4525000.0)	 true
depth		2.61950e+03	1.56296e+01	(2000.0, 7000.0)	 true
dVol		5.05814e+06	4.60657e+04	(1000000.0, 20000000.0)	 true

*******************************************************************************
  Data Inversion 
*******************************************************************************
Bayesian Inference 
n.Rand.Walks	n.Steps
10		8000

Total number of models generated 80000

*******************************************************************************
  All input - VSM style 
*******************************************************************************
../USECASE/mogi1BI/
../USECASE/DATA/obs_sar1.txt ../USECASE/DATA/obs_sar2.txt 
../USECASE/DATA/GPS_data.txt
None
None
None
None
0.16666666666666666
0.8333333333333334
0.0
0.0
0.0
0.0
5.00e+09
0.25
1
0
422000.0	432000.0	xcen
4515000.0	4525000.0	ycen
2000.0	7000.0	depth
1000000.0	20000000.0	dVol
1
10 10
8000
2000
