*******************************************************************************
   VSM

   Volcanic and Seismic source Modelling

   Author: Elisa Trasatti, elisa.trasatti@ingv.it
   Istituto Nazionale di Geofisica e Vulcanologia - Rome (Italy)

   License: E. Trasatti, covered by GNU-GPL License

   Redistribution and use in source and binary forms, with or without
   modification, are permitted provided that the following conditions are met:
      * Redistributions of source code must retain the above copyright
        notice, this list of conditions and the following disclaimer.
      * Redistributions in binary form must reproduce the above copyright
        notice, this list of conditions and the following disclaimer in
        the documentation and/or other materials provided with the distribution.

   THIS SOFTWARE IS PROVIDED BY THE COPYRIGHT HOLDERS AND CONTRIBUTORS "AS IS"
   AND ANY EXPRESS OR IMPLIED WARRANTIES, INCLUDING, BUT NOT LIMITED TO, THE
   IMPLIED WARRANTIES OF MERCHANTABILITY AND FITNESS FOR A PARTICULAR PURPOSE
   ARE DISCLAIMED. IN NO EVENT SHALL THE COPY RIGHT OWNER OR CONTRIBUTORS BE
   LIABLE FOR ANY DIRECT, INDIRECT, INCIDENTAL, SPECIAL, EXEMPLARY, OR
   CONSEQUENTIAL DAMAGES (INCLUDING, BUT NOT LIMITED TO, PROCUREMENT OF
   SUBSTITUTE GOODS OR SERVICES; LOSS OF USE, DATA, OR PROFITS; OR BUSINESS
   INTERRUPTION) HOWEVER CAUSED AND ON ANY THEORY OF LIABILITY, WHETHER IN
   CONTRACT, STRICT LIABILITY, OR TORT (INCLUDING NEGLIGENCE OR OTHERWISE)
   ARISING IN ANY WAY OUT OF THE USE OF THIS SOFTWARE, EVEN IF ADVISED OF THE
   POSSIBILITY OF SUCH DAMAGE.
*******************************************************************************


*******************************************************************************
VSM launched on 2021-09-15 15:21:38.106712
VSM ended on    2021-09-15 15:22:49.970698
*******************************************************************************


*******************************************************************************
  Misfits 
*******************************************************************************
Dataset	n.Data	Weight	Misfit_null	Misfit
SAR	5530	  0.5000	  30.183	   5.239 
GPS	14	  0.5000	 933.810	  25.785 
LEV	 - 	 -	    -		  -
EDM	 - 	 -	    -		  -
TLT	 - 	 -	    -		  -
SRN	 - 	 -	    -		  -

Total misfit of the preferred model   15.512

*******************************************************************************
  Forward Models 
*******************************************************************************
Moment Tensor Point Source (Davis, 1986)

*******************************************************************************
  Unknowns 
*******************************************************************************
Parameter	Best		Range			Status
xcen		4.26200e+05	(426200.0, 426200.0) false
ycen		4.51880e+06	(4518800.0, 4518800.0) false
depth		3.50015e+03	(2000.0, 7000.0)	 true
Pxx		1.50978e+07	(1000000.0, 100000000.0)	 true
Pyy		2.09143e+07	(1000000.0, 100000000.0)	 true
Pzz		2.33726e+07	(1000000.0, 100000000.0)	 true
Pxy		9.61148e+05	(-10000000.0, 10000000.0)	 true
Pyz		-1.15601e+06	(-10000000.0, 10000000.0)	 true
Pzx		-2.98858e+05	(-10000000.0, 10000000.0)	 true

*******************************************************************************
  Data Inversion
*******************************************************************************
Neighbourhood Algorithm 
n.Samples	n.Resamples	n.Iterations
1000		300		18

Total number of models generated 18000

*******************************************************************************
  All input - VSM style 
*******************************************************************************
../USECASE/momten3NA/
../USECASE/DATA/obs_sar1.txt ../USECASE/DATA/obs_sar2.txt 
../USECASE/DATA/GPS_data.txt
None
None
None
None
0.5
0.5
0.0
0.0
0.0
0.0
5.00e+09
0.25
1
4
426200.0	426200.0	xcen
4518800.0	4518800.0	ycen
2000.0	7000.0	depth
1000000.0	100000000.0	Pxx
1000000.0	100000000.0	Pyy
1000000.0	100000000.0	Pzz
-10000000.0	10000000.0	Pxy
-10000000.0	10000000.0	Pyz
-10000000.0	10000000.0	Pzx
0
1000 300
18
3000
