*******************************************************************************
   VSM

   Volcanic and Seismic source Modelling

   Author: Elisa Trasatti, elisa.trasatti@ingv.it
   Istituto Nazionale di Geofisica e Vulcanologia - Rome (Italy)

   Thanks to: M. Sambridge (NA inversion)
              N. Piana Agostinetti (first fortran version)
              And others for python codes (mostly grabbed from GitHub and PyPI)

   Created      2007
   Last update  September 2021

   License: E. Trasatti, covered by GNU-GPL License

   Redistribution and use in source and binary forms, with or without
   modification, are permitted provided that the following conditions are met:

      * Redistributions of source code must retain the above copyright 
        notice, this list of conditions and the following disclaimer.
      * Redistributions in binary form must reproduce the above copyright 
 	notice, this list of conditions and the following disclaimer in 
 	the documentation and/or other materials provided with the distribution.
      * Please cite until published as
        Trasatti, E. (2019). Volcano and Seismic source Modelling - VSM.
 	www.rohub.org/rodetails/volcano_source_moddelling_vsm-release/overview,
        https://doi.org/10.24424/ro-id.HRFPNERWFQ

   THIS SOFTWARE IS PROVIDED BY THE COPYRIGHT HOLDERS AND CONTRIBUTORS "AS IS" 
   AND ANY EXPRESS OR IMPLIED WARRANTIES, INCLUDING, BUT NOT LIMITED TO, THE 
   IMPLIED WARRANTIES OF MERCHANTABILITY AND FITNESS FOR A PARTICULAR PURPOSE 
   ARE DISCLAIMED. IN NO EVENT SHALL THE COPY RIGHT OWNER OR CONTRIBUTORS BE
   LIABLE FOR ANY DIRECT, INDIRECT, INCIDENTAL, SPECIAL, EXEMPLARY, OR 
   CONSEQUENTIAL DAMAGES (INCLUDING, BUT NOT LIMITED TO, PROCUREMENT OF 
   SUBSTITUTE GOODS OR SERVICES; LOSS OF USE, DATA, OR PROFITS; OR BUSINESS
   INTERRUPTION) HOWEVER CAUSED AND ON ANY THEORY OF LIABILITY, WHETHER IN 
   CONTRACT, STRICT LIABILITY, OR TORT (INCLUDING NEGLIGENCE OR OTHERWISE) 
   ARISING IN ANY WAY OUT OF THE USE OF THIS SOFTWARE, EVEN IF ADVISED OF THE
   POSSIBILITY OF SUCH DAMAGE.
*******************************************************************************


*******************************************************************************
VSM launched on 2021-09-15 14:49:29.823936
VSM ended on    2021-09-15 14:50:42.911240
*******************************************************************************


*******************************************************************************
  Misfits 
*******************************************************************************
Dataset	n.Data	Weight	Misfit_null	Misfit
SAR	5530	  0.1667	  30.183	   5.015 
GPS	14	  0.8333	 933.810	  14.907 
LEV	 - 	 -	    -		  -
EDM	 - 	 -	    -		  -
TLT	 - 	 -	    -		  -
SRN	 - 	 -	    -		  -

Total misfit of the preferred model   13.258

*******************************************************************************
  Forward Models 
*******************************************************************************
Mogi Finite Volume (McTigue, 1987)

*******************************************************************************
  Unknowns 
*******************************************************************************
Parameter	Mean		Sigma		Range			Status
xcen		4.26324e+05	1.13395e+01	(422000.0, 432000.0)	 true
ycen		4.51883e+06	1.22035e+01	(4515000.0, 4525000.0)	 true
depth		2.61221e+03	2.05901e+01	(2000.0, 7000.0)	 true
radius		6.00633e+02	9.83040e+01	(500.0, 4000.0)	 true
dP_mu		7.47013e-03	2.73796e-03	(0.0001, 0.01)	 true

*******************************************************************************
  Global Optimization 
*******************************************************************************
Bayesian Optimization 
n.Rand.Walks	n.Steps
12		8000

Total number of models generated 96000

*******************************************************************************
  All input - VSM style 
*******************************************************************************
../USECASE/mctigue1BO/
../USECASE/DATA/obs_sar1.txt ../USECASE/DATA/obs_sar2.txt 
../USECASE/DATA/GPS_data.txt
None
None
None
None
0.16666666666666666
0.8333333333333334
0.0
0.0
0.0
0.0
5.00e+09
0.25
1
1
422000.0	432000.0	xcen
4515000.0	4525000.0	ycen
2000.0	7000.0	depth
500.0	4000.0	radius
0.0001	0.01	dP_mu
1
12 10
8000
y 3000
