*******************************************************************************
   VSM

   Volcanic and Seismic source Modelling

   Author: Elisa Trasatti, elisa.trasatti@ingv.it
   Istituto Nazionale di Geofisica e Vulcanologia - Rome (Italy)

   License: E. Trasatti, covered by GNU-GPL License

   Redistribution and use in source and binary forms, with or without
   modification, are permitted provided that the following conditions are met:
      * Redistributions of source code must retain the above copyright
        notice, this list of conditions and the following disclaimer.
      * Redistributions in binary form must reproduce the above copyright
        notice, this list of conditions and the following disclaimer in
        the documentation and/or other materials provided with the distribution.

   THIS SOFTWARE IS PROVIDED BY THE COPYRIGHT HOLDERS AND CONTRIBUTORS "AS IS"
   AND ANY EXPRESS OR IMPLIED WARRANTIES, INCLUDING, BUT NOT LIMITED TO, THE
   IMPLIED WARRANTIES OF MERCHANTABILITY AND FITNESS FOR A PARTICULAR PURPOSE
   ARE DISCLAIMED. IN NO EVENT SHALL THE COPY RIGHT OWNER OR CONTRIBUTORS BE
   LIABLE FOR ANY DIRECT, INDIRECT, INCIDENTAL, SPECIAL, EXEMPLARY, OR
   CONSEQUENTIAL DAMAGES (INCLUDING, BUT NOT LIMITED TO, PROCUREMENT OF
   SUBSTITUTE GOODS OR SERVICES; LOSS OF USE, DATA, OR PROFITS; OR BUSINESS
   INTERRUPTION) HOWEVER CAUSED AND ON ANY THEORY OF LIABILITY, WHETHER IN
   CONTRACT, STRICT LIABILITY, OR TORT (INCLUDING NEGLIGENCE OR OTHERWISE)
   ARISING IN ANY WAY OUT OF THE USE OF THIS SOFTWARE, EVEN IF ADVISED OF THE
   POSSIBILITY OF SUCH DAMAGE.
*******************************************************************************


*******************************************************************************
VSM launched on 2021-09-15 12:43:59.232213
VSM ended on    2021-09-15 13:18:39.043989
*******************************************************************************


*******************************************************************************
  Misfits 
*******************************************************************************
Dataset	n.Data	Weight	Misfit_null	Misfit
SAR	5530	  0.5000	  30.183	   5.665 
GPS	14	  0.5000	 933.810	  34.601 
LEV	 - 	 -	    -		  -
EDM	 - 	 -	    -		  -
TLT	 - 	 -	    -		  -
SRN	 - 	 -	    -		  -

Total misfit of the preferred model   20.133

*******************************************************************************
  Forward Models 
*******************************************************************************
Penny-shaped crack (Fialko et al., 2001)

*******************************************************************************
  Unknowns 
*******************************************************************************
Parameter	Best		Range			Status
xcen		4.26221e+05	(422000.0, 432000.0)	 true
ycen		4.51865e+06	(4515000.0, 4525000.0)	 true
depth		3.94838e+03	(2000.0, 7000.0)	 true
radius		9.11609e+02	(500.0, 4000.0)	 true
dP_mu		5.03771e-03	(0.0001, 0.01)	 true

*******************************************************************************
  Data Inversion
*******************************************************************************
Neighbourhood Algorithm 
n.Samples	n.Resamples	n.Iterations
1000		300		20

Total number of models generated 20000

*******************************************************************************
  All input - VSM style 
*******************************************************************************
../USECASE/sill1NA/
../USECASE/DATA/obs_sar1.txt ../USECASE/DATA/obs_sar2.txt 
../USECASE/DATA/GPS_data.txt
None
None
None
None
0.5
0.5
0.0
0.0
0.0
0.0
5.00e+09
0.25
1
2
422000.0	432000.0	xcen
4515000.0	4525000.0	ycen
2000.0	7000.0	depth
500.0	4000.0	radius
0.0001	0.01	dP_mu
0
1000 300
20
5000
