*******************************************************************************
   VSM

   Volcanic and Seismic source Modelling

   Author: Elisa Trasatti, elisa.trasatti@ingv.it
   Istituto Nazionale di Geofisica e Vulcanologia - Rome (Italy)

   Thanks to: M. Sambridge (NA inversion)
              N. Piana Agostinetti (first fortran version)
              And others for python codes (mostly grabbed from GitHub and PyPI)

   Created      2007
   Last update  September 2021

   License: E. Trasatti, covered by GNU-GPL License

   Redistribution and use in source and binary forms, with or without
   modification, are permitted provided that the following conditions are met:

      * Redistributions of source code must retain the above copyright 
        notice, this list of conditions and the following disclaimer.
      * Redistributions in binary form must reproduce the above copyright 
 	notice, this list of conditions and the following disclaimer in 
 	the documentation and/or other materials provided with the distribution.
      * Please cite until published as
        Trasatti, E. (2019). Volcano and Seismic source Modelling - VSM.
 	www.rohub.org/rodetails/volcano_source_moddelling_vsm-release/overview,
        https://doi.org/10.24424/ro-id.HRFPNERWFQ

   THIS SOFTWARE IS PROVIDED BY THE COPYRIGHT HOLDERS AND CONTRIBUTORS "AS IS" 
   AND ANY EXPRESS OR IMPLIED WARRANTIES, INCLUDING, BUT NOT LIMITED TO, THE 
   IMPLIED WARRANTIES OF MERCHANTABILITY AND FITNESS FOR A PARTICULAR PURPOSE 
   ARE DISCLAIMED. IN NO EVENT SHALL THE COPY RIGHT OWNER OR CONTRIBUTORS BE
   LIABLE FOR ANY DIRECT, INDIRECT, INCIDENTAL, SPECIAL, EXEMPLARY, OR 
   CONSEQUENTIAL DAMAGES (INCLUDING, BUT NOT LIMITED TO, PROCUREMENT OF 
   SUBSTITUTE GOODS OR SERVICES; LOSS OF USE, DATA, OR PROFITS; OR BUSINESS
   INTERRUPTION) HOWEVER CAUSED AND ON ANY THEORY OF LIABILITY, WHETHER IN 
   CONTRACT, STRICT LIABILITY, OR TORT (INCLUDING NEGLIGENCE OR OTHERWISE) 
   ARISING IN ANY WAY OUT OF THE USE OF THIS SOFTWARE, EVEN IF ADVISED OF THE
   POSSIBILITY OF SUCH DAMAGE.
*******************************************************************************


*******************************************************************************
VSM launched on 2021-09-15 12:35:12.781883
VSM ended on    2021-09-15 12:35:30.172437
*******************************************************************************


*******************************************************************************
  Misfits 
*******************************************************************************
Dataset	n.Data	Weight	Misfit_null	Misfit
SAR	5530	  0.5000	  30.183	   5.130 
GPS	14	  0.5000	 933.810	  13.669 
LEV	 - 	 -	    -		  -
EDM	 - 	 -	    -		  -
TLT	 - 	 -	    -		  -
SRN	 - 	 -	    -		  -

Total misfit of the preferred model    9.400

*******************************************************************************
  Forward Models 
*******************************************************************************
Mogi Point Source (Mogi, 1958)

*******************************************************************************
  Unknowns 
*******************************************************************************
Parameter	Best		Range			Status
xcen		4.26308e+05	(422000.0, 432000.0)	 true
ycen		4.51877e+06	(4515000.0, 4525000.0)	 true
depth		2.70624e+03	(2000.0, 7000.0)	 true
dVol		5.41419e+06	(1000000.0, 20000000.0)	 true

*******************************************************************************
  Global Optimization 
*******************************************************************************
Neighbourhood Algorithm 
n.Samples	n.Resamples	n.Iterations
1000		300		12

Total number of models generated 12000

*******************************************************************************
  All input - VSM style 
*******************************************************************************
../USECASE/mogi1NA/
../USECASE/DATA/obs_sar1.txt ../USECASE/DATA/obs_sar2.txt 
../USECASE/DATA/GPS_data.txt
None
None
None
None
0.5
0.5
0.0
0.0
0.0
0.0
5.00e+09
0.25
1
0
422000.0	432000.0	xcen
4515000.0	4525000.0	ycen
2000.0	7000.0	depth
1000000.0	20000000.0	dVol
0
1000 300
12
y 8000
